<?xml version="1.0" encoding="UTF-8"?>
<!-- Generated by org.testng.reporters.JUnitReportReporter -->
<testsuite hostname="DESKTOP-QE6MO3Q" failures="0" tests="1" name="TestScript.ActicustomerCreateTest" time="22.107" errors="0" timestamp="2023-01-04T14:42:06 IST" skipped="0">
  <testcase classname="TestScript.ActicustomerCreateTest" name="createCustomer" time="22.107"/>
  <system-out>
    <![CDATA[customer created sucessfully]]>
  </system-out>
</testsuite> <!-- TestScript.ActicustomerCreateTest -->
